[2017-03-17 14:12:54] [info] [MySQL] - Returned employee Goran by ID: #1
[2017-03-17 14:13:22] [error] [MySQL] - Failed to update employee with ID: #4
[2017-03-17 14:13:33] [info] [MySQL] - Returned all Employees from DB
[2017-03-17 14:15:30] [info] [MySQL] - Employee with ID: #5 has been updated
[2017-03-17 14:16:02] [info] [MongoDB] - Returned all Employees from DB
[2017-03-17 14:16:06] [info] [MongoDB] - Returned employee Gari by ID: #3
[2017-03-17 14:16:29] [info] [MongoDB] - Created new employee Post test with ID: #5
[2017-03-17 14:24:18] [info] [MySQL] - Returned all Employees from DB
[2017-03-17 14:24:24] [info] [MySQL] - Returned employee Goran by ID: #1
[2017-03-17 14:26:25] [info] [MySQL] - Returned employee Goran by ID: #1
[2017-03-17 14:26:25] [info] [MySQL] - Returned employee Goran by ID: #1
[2017-03-17 14:26:26] [info] [MySQL] - Returned employee Goran by ID: #1
[2017-03-17 14:26:26] [info] [MySQL] - Returned employee Goran by ID: #1
[2017-03-17 14:26:28] [info] [MySQL] - Returned employee Igor by ID: #2
[2017-03-17 14:26:29] [info] [MySQL] - Returned employee Mina by ID: #3
[2017-03-17 14:26:30] [error] [MySQL] - Failed to get user by this ID: #6
[2017-03-17 14:27:45] [info] [MySQL] - Returned all Employees from DB
[2017-03-17 14:27:55] [error] [MySQL] - Failed to update employee with ID: #4
[2017-03-17 14:27:58] [info] [MySQL] - Employee with ID: #5 has been updated
[2017-03-17 14:28:06] [info] [MySQL] - Deleted employee with ID: #5
[2017-03-17 14:33:37] [info] [MySQL] - Returned employee Goran by ID: #1
[2017-03-17 14:33:39] [error] [MySQL] - Failed to get user by this ID: #13
[2017-03-17 14:33:42] [info] [MySQL] - Returned all Employees from DB
[2017-03-17 14:33:48] [error] [MySQL] - Failed to update employee with ID: #5
[2017-03-17 14:33:55] [info] [MySQL] - Created new employee Post test
[2017-03-17 14:33:58] [info] [MySQL] - Returned all Employees from DB
[2017-03-17 14:34:27] [error] [MySQL] - Failed to update employee with ID: #6
[2017-03-17 14:34:29] [info] [MySQL] - Employee with ID: #7 has been updated
[2017-03-17 14:34:37] [info] [MySQL] - Returned employee Someone by ID: #7
[2017-03-17 14:35:46] [error] [MySQL] - Failed to get user by this ID: #6
[2017-03-17 14:36:43] [error] Failed to connect to database!!!
[2017-03-17 14:36:53] [info] [MongoDB] - Returned all Employees from DB
[2017-03-17 14:37:10] [error] [MongoDB] - Failed to get user by this ID: #6
[2017-03-17 14:37:14] [info] [MongoDB] - Returned employee JohnDoe by ID: #2
[2017-03-17 14:37:46] [info] [MongoDB] - Employee with ID: #3 has been updated
[2017-03-17 14:38:33] [info] [MongoDB] - Returned all Employees from DB
[2017-03-17 14:39:54] [info] [MongoDB] - Returned all Employees from DB
[2017-03-17 14:40:01] [info] [MongoDB] - Returned employee Post test by ID: #5
[2017-03-17 14:40:06] [info] [MongoDB] - Deleted employee with ID: #5
